<?xml version="1.0" encoding="UTF-8"?>
<!-- Generated by org.testng.reporters.JUnitReportReporter -->
<testsuite hostname="LP003536" failures="0" tests="1" name="Test.footer" time="12.501" errors="0" timestamp="2023-10-04T16:02:35 IST" skipped="0">
  <testcase classname="Test.footer" name="Verify_Tab" time="12.501"/>
</testsuite> <!-- Test.footer -->
