<?xml version="1.0" encoding="UTF-8"?>
<!-- Generated by org.testng.reporters.JUnitReportReporter -->
<testsuite hostname="LP003536" failures="0" tests="1" name="Test.footer" time="44.012" errors="0" timestamp="2024-01-16T17:00:34 IST" skipped="0">
  <testcase classname="Test.footer" name="Verify_Tab" time="44.012"/>
</testsuite> <!-- Test.footer -->
