<?xml version="1.0" encoding="UTF-8"?>
<!-- Generated by org.testng.reporters.JUnitReportReporter -->
<testsuite hostname="LP003536" failures="0" tests="1" name="Test.POMTab" time="8.448" errors="0" timestamp="2023-10-09T13:07:08 IST" skipped="0">
  <testcase classname="Test.POMTab" name="Verify_Tab" time="8.448"/>
</testsuite> <!-- Test.POMTab -->
