<?xml version="1.0" encoding="UTF-8"?>
<!-- Generated by org.testng.reporters.JUnitReportReporter -->
<testsuite hostname="LP003536" failures="0" tests="1" name="Test.POMTab" time="0.049" errors="0" timestamp="2023-10-05T14:12:25 IST" skipped="0">
  <testcase classname="Test.POMTab" name="Verify_Tab" time="0.049"/>
</testsuite> <!-- Test.POMTab -->
